Running on:
r01n01

Using OpenSHMEM @ /opt/hi-master/openshmem/osss-ucx

Clearing out old core files
srun: error: r01n01: task 0: Exited with exit code 1
rm: cannot remove ‘/var/tmp/core.a.out.26754’: Operation not permitted



Creating 0 portals
3200 actors per cell, 51200 actors in total
PE 11 - local offset 2593 infected
PE 6 - timestep 2 - set 0 / 3200 - 0.000000 ms
PE 6 - total 1336.802000 ms - metadata 54.481000 ms (50.733000 0.000000) - summary 3.805000 ms (1.763000 0.072000 1.970000 | 0.065000 0.037000 0.048000 1.820000) - edges 1278.047000 ms (1190.644000 80.641000) - neighbor updates 0.411000 ms - abort 0.058000 ms - 0 spins - 9 / 16 PE neighbors  - partition window = , 1522 / 28900 active - aborting? 0 - last step? 0 - remote cache hits=6688 misses=3553 age misses=0, feature cache hits=0 misses=0
PE 10 - timestep 2 - set 0 / 3200 - 0.000000 ms
PE 10 - total 1357.229000 ms - metadata 52.595000 ms (48.977000 0.000000) - summary 3.917000 ms (1.758000 0.070000 2.089000 | 0.069000 0.039000 0.049000 1.930000) - edges 1300.249000 ms (1212.200000 81.881000) - neighbor updates 0.409000 ms - abort 0.059000 ms - 0 spins - 7 / 16 PE neighbors  - partition window = , 1559 / 28900 active - aborting? 0 - last step? 0 - remote cache hits=6724 misses=3596 age misses=0, feature cache hits=0 misses=0
PE 15 - timestep 2 - set 0 / 3200 - 0.000000 ms
PE 15 - total 1457.509000 ms - metadata 55.240000 ms (51.507000 0.000000) - summary 4.375000 ms (1.904000 0.078000 2.393000 | 0.068000 0.045000 0.042000 2.236000) - edges 1397.423000 ms (1311.515000 80.970000) - neighbor updates 0.421000 ms - abort 0.050000 ms - 0 spins - 4 / 16 PE neighbors  - partition window = , 1520 / 28900 active - aborting? 0 - last step? 0 - remote cache hits=6676 misses=3413 age misses=0, feature cache hits=0 misses=0
PE 0 - timestep 2 - set 0 / 3200 - 0.000000 ms
PE 0 - total 1473.677000 ms - metadata 52.767000 ms (49.188000 0.000000) - summary 3.902000 ms (1.634000 0.072000 2.196000 | 0.070000 0.037000 0.048000 2.039000) - edges 1416.371000 ms (1335.550000 76.110000) - neighbor updates 0.575000 ms - abort 0.062000 ms - 0 spins - 4 / 16 PE neighbors  - partition window = , 1526 / 28900 active - aborting? 0 - last step? 0 - remote cache hits=6584 misses=3402 age misses=0, feature cache hits=0 misses=0
PE 1 - timestep 2 - set 0 / 3200 - 0.000000 ms
PE 1 - total 1482.349000 ms - metadata 56.778000 ms (52.910000 0.000000) - summary 3.966000 ms (1.886000 0.074000 2.006000 | 0.058000 0.044000 0.042000 1.860000) - edges 1421.034000 ms (1328.886000 86.356000) - neighbor updates 0.509000 ms - abort 0.062000 ms - 0 spins - 6 / 16 PE neighbors  - partition window = , 1530 / 28900 active - aborting? 0 - last step? 0 - remote cache hits=6795 misses=3511 age misses=0, feature cache hits=0 misses=0
PE 8 - timestep 2 - set 0 / 3200 - 0.000000 ms
PE 8 - total 1685.335000 ms - metadata 58.540000 ms (54.654000 0.000000) - summary 4.565000 ms (2.207000 0.074000 2.284000 | 0.068000 0.041000 0.046000 2.127000) - edges 1621.609000 ms (1536.652000 79.648000) - neighbor updates 0.562000 ms - abort 0.059000 ms - 0 spins - 5 / 16 PE neighbors  - partition window = , 1525 / 28900 active - aborting? 0 - last step? 0 - remote cache hits=6897 misses=3490 age misses=0, feature cache hits=0 misses=0
PE 11 - timestep 2 - set 2 / 3200 - 0.000000 ms
PE 11 - total 1489.304000 ms - metadata 55.612000 ms (51.757000 0.000000) - summary 4.382000 ms (2.069000 0.072000 2.241000 | 0.063000 0.048000 0.042000 2.085000) - edges 1428.730000 ms (1339.034000 83.801000) - neighbor updates 0.516000 ms - abort 0.064000 ms - 0 spins - 6 / 16 PE neighbors  - partition window = , 1517 / 28900 active - aborting? 0 - last step? 0 - remote cache hits=6730 misses=3504 age misses=0, feature cache hits=0 misses=0
PE 5 - timestep 2 - set 0 / 3200 - 0.000000 ms
PE 5 - total 1512.234000 ms - metadata 56.117000 ms (52.206000 0.000000) - summary 4.383000 ms (2.161000 0.082000 2.140000 | 0.067000 0.054000 0.042000 1.974000) - edges 1451.249000 ms (1361.549000 83.142000) - neighbor updates 0.427000 ms - abort 0.058000 ms - 0 spins - 8 / 16 PE neighbors  - partition window = , 1526 / 28900 active - aborting? 0 - last step? 0 - remote cache hits=6798 misses=3590 age misses=0, feature cache hits=0 misses=0
PE 9 - timestep 2 - set 0 / 3200 - 0.000000 ms
PE 9 - total 1516.276000 ms - metadata 54.801000 ms (50.905000 0.000000) - summary 3.629000 ms (1.571000 0.072000 1.986000 | 0.057000 0.042000 0.039000 1.847000) - edges 1457.340000 ms (1362.423000 88.390000) - neighbor updates 0.448000 ms - abort 0.058000 ms - 0 spins - 8 / 16 PE neighbors  - partition window = , 1543 / 28900 active - aborting? 0 - last step? 0 - remote cache hits=6772 misses=3588 age misses=0, feature cache hits=0 misses=0
PE 7 - timestep 2 - set 0 / 3200 - 0.000000 ms
PE 7 - total 1747.336000 ms - metadata 55.517000 ms (51.692000 0.000000) - summary 4.281000 ms (1.996000 0.073000 2.212000 | 0.062000 0.049000 0.042000 2.057000) - edges 1686.912000 ms (1601.247000 79.979000) - neighbor updates 0.564000 ms - abort 0.062000 ms - 0 spins - 6 / 16 PE neighbors  - partition window = , 1520 / 28900 active - aborting? 0 - last step? 0 - remote cache hits=6714 misses=3469 age misses=0, feature cache hits=0 misses=0
PE 13 - timestep 2 - set 0 / 3200 - 0.000000 ms
PE 13 - total 1947.128000 ms - metadata 57.026000 ms (53.154000 0.000000) - summary 4.276000 ms (1.880000 0.071000 2.325000 | 0.063000 0.049000 0.044000 2.167000) - edges 1885.346000 ms (1799.640000 80.626000) - neighbor updates 0.423000 ms - abort 0.057000 ms - 0 spins - 4 / 16 PE neighbors  - partition window = , 1543 / 28900 active - aborting? 0 - last step? 0 - remote cache hits=6762 misses=3505 age misses=0, feature cache hits=0 misses=0
PE 2 - timestep 2 - set 0 / 3200 - 0.000000 ms
PE 2 - total 1831.745000 ms - metadata 65.225000 ms (61.354000 0.000000) - summary 3.720000 ms (1.864000 0.064000 1.792000 | 0.065000 0.048000 0.044000 1.634000) - edges 1762.198000 ms (1666.226000 90.328000) - neighbor updates 0.538000 ms - abort 0.064000 ms - 0 spins - 6 / 16 PE neighbors  - partition window = , 1553 / 28900 active - aborting? 0 - last step? 0 - remote cache hits=6740 misses=3510 age misses=0, feature cache hits=0 misses=0
PE 14 - timestep 2 - set 0 / 3200 - 0.000000 ms
PE 14 - total 1922.654000 ms - metadata 52.081000 ms (48.445000 0.000000) - summary 4.281000 ms (1.901000 0.070000 2.310000 | 0.066000 0.044000 0.047000 2.150000) - edges 1865.487000 ms (1780.034000 79.631000) - neighbor updates 0.739000 ms - abort 0.066000 ms - 0 spins - 6 / 16 PE neighbors  - partition window = , 1548 / 28900 active - aborting? 0 - last step? 0 - remote cache hits=6674 misses=3497 age misses=0, feature cache hits=0 misses=0
PE 12 - timestep 2 - set 0 / 3200 - 0.000000 ms
PE 12 - total 1847.432000 ms - metadata 51.279000 ms (47.612000 0.000000) - summary 4.543000 ms (2.045000 0.073000 2.425000 | 0.065000 0.051000 0.048000 2.258000) - edges 1790.542000 ms (1707.951000 77.727000) - neighbor updates 1.000000 ms - abort 0.068000 ms - 0 spins - 4 / 16 PE neighbors  - partition window = , 1543 / 28900 active - aborting? 0 - last step? 0 - remote cache hits=6449 misses=3424 age misses=0, feature cache hits=0 misses=0
PE 3 - timestep 2 - set 0 / 3200 - 0.000000 ms
PE 3 - total 2060.721000 ms - metadata 54.780000 ms (50.790000 0.000000) - summary 4.303000 ms (2.018000 0.070000 2.215000 | 0.054000 0.045000 0.044000 2.069000) - edges 2000.916000 ms (1918.493000 77.623000) - neighbor updates 0.645000 ms - abort 0.077000 ms - 0 spins - 4 / 16 PE neighbors  - partition window = , 1533 / 28900 active - aborting? 0 - last step? 0 - remote cache hits=6675 misses=3423 age misses=0, feature cache hits=0 misses=0
PE 6 - timestep 3 - set 0 / 3200 - 1346.820000 ms
PE 6 - total 1346.752000 ms - metadata 51.813000 ms (48.199000 0.000000) - summary 3.634000 ms (1.581000 0.070000 1.983000 | 0.065000 0.038000 0.048000 1.832000) - edges 1290.936000 ms (1203.116000 81.144000) - neighbor updates 0.315000 ms - abort 0.054000 ms - 0 spins - 9 / 16 PE neighbors  - partition window = , 1542 / 28900 active - aborting? 0 - last step? 0 - remote cache hits=13372 misses=3568 age misses=0, feature cache hits=0 misses=0
PE 10 - timestep 3 - set 0 / 3200 - 1355.429000 ms
PE 10 - total 1355.353000 ms - metadata 51.100000 ms (47.568000 0.000000) - summary 3.707000 ms (1.560000 0.071000 2.076000 | 0.068000 0.039000 0.046000 1.921000) - edges 1300.175000 ms (1213.033000 81.165000) - neighbor updates 0.318000 ms - abort 0.053000 ms - 0 spins - 7 / 16 PE neighbors  - partition window = , 1571 / 28900 active - aborting? 0 - last step? 0 - remote cache hits=13440 misses=3600 age misses=0, feature cache hits=0 misses=0
PE 0 - timestep 3 - set 0 / 3200 - 1424.308000 ms
PE 0 - total 1424.206000 ms - metadata 52.689000 ms (49.013000 0.000000) - summary 4.113000 ms (1.838000 0.072000 2.203000 | 0.062000 0.045000 0.046000 2.049000) - edges 1366.942000 ms (1286.804000 75.419000) - neighbor updates 0.414000 ms - abort 0.048000 ms - 0 spins - 4 / 16 PE neighbors  - partition window = , 1540 / 28900 active - aborting? 0 - last step? 0 - remote cache hits=13186 misses=3403 age misses=0, feature cache hits=0 misses=0
PE 15 - timestep 3 - set 0 / 3200 - 1512.690000 ms
PE 15 - total 1512.605000 ms - metadata 53.583000 ms (49.854000 0.000000) - summary 4.256000 ms (1.798000 0.072000 2.386000 | 0.063000 0.042000 0.040000 2.239000) - edges 1454.371000 ms (1371.085000 78.427000) - neighbor updates 0.350000 ms - abort 0.045000 ms - 0 spins - 4 / 16 PE neighbors  - partition window = , 1533 / 28900 active - aborting? 0 - last step? 0 - remote cache hits=13335 misses=3416 age misses=0, feature cache hits=0 misses=0
PE 1 - timestep 3 - set 0 / 3200 - 1561.854000 ms
PE 1 - total 1561.753000 ms - metadata 55.185000 ms (51.356000 0.000000) - summary 4.056000 ms (1.956000 0.075000 2.025000 | 0.061000 0.045000 0.040000 1.878000) - edges 1502.097000 ms (1417.650000 78.863000) - neighbor updates 0.362000 ms - abort 0.053000 ms - 0 spins - 6 / 16 PE neighbors  - partition window = , 1544 / 28900 active - aborting? 0 - last step? 0 - remote cache hits=13581 misses=3513 age misses=0, feature cache hits=0 misses=0
PE 11 - timestep 3 - set 2 / 3200 - 1626.535000 ms
PE 11 - total 1626.431000 ms - metadata 54.574000 ms (50.784000 0.000000) - summary 3.962000 ms (1.713000 0.070000 2.179000 | 0.057000 0.043000 0.039000 2.039000) - edges 1567.474000 ms (1480.489000 81.217000) - neighbor updates 0.366000 ms - abort 0.055000 ms - 0 spins - 6 / 16 PE neighbors  - partition window = , 1527 / 28900 active - aborting? 0 - last step? 0 - remote cache hits=13467 misses=3510 age misses=0, feature cache hits=0 misses=0
PE 5 - timestep 3 - set 0 / 3200 - 1572.217000 ms
PE 5 - total 1572.158000 ms - metadata 53.866000 ms (50.089000 0.000000) - summary 4.249000 ms (2.066000 0.074000 2.109000 | 0.059000 0.043000 0.037000 1.967000) - edges 1513.621000 ms (1423.935000 83.396000) - neighbor updates 0.368000 ms - abort 0.054000 ms - 0 spins - 8 / 16 PE neighbors  - partition window = , 1542 / 28900 active - aborting? 0 - last step? 0 - remote cache hits=13619 misses=3611 age misses=0, feature cache hits=0 misses=0
PE 4 - timestep 2 - set 0 / 3200 - 0.000000 ms
PE 4 - total 2197.284000 ms - metadata 62.974000 ms (59.087000 0.000000) - summary 4.157000 ms (1.955000 0.068000 2.134000 | 0.068000 0.056000 0.043000 1.965000) - edges 2129.370000 ms (2035.563000 88.419000) - neighbor updates 0.720000 ms - abort 0.063000 ms - 0 spins - 5 / 16 PE neighbors  - partition window = , 1506 / 28900 active - aborting? 0 - last step? 0 - remote cache hits=6672 misses=3482 age misses=0, feature cache hits=0 misses=0
PE 9 - timestep 3 - set 0 / 3200 - 1691.220000 ms
PE 9 - total 1691.141000 ms - metadata 53.180000 ms (49.485000 0.000000) - summary 3.622000 ms (1.555000 0.071000 1.996000 | 0.062000 0.047000 0.037000 1.850000) - edges 1633.922000 ms (1544.808000 82.571000) - neighbor updates 0.362000 ms - abort 0.055000 ms - 0 spins - 8 / 16 PE neighbors  - partition window = , 1564 / 28900 active - aborting? 0 - last step? 0 - remote cache hits=13562 misses=3588 age misses=0, feature cache hits=0 misses=0
PE 7 - timestep 3 - set 0 / 3200 - 1590.607000 ms
PE 7 - total 1590.503000 ms - metadata 54.044000 ms (50.182000 0.000000) - summary 3.949000 ms (1.651000 0.074000 2.224000 | 0.068000 0.045000 0.045000 2.064000) - edges 1532.095000 ms (1447.883000 78.658000) - neighbor updates 0.362000 ms - abort 0.053000 ms - 0 spins - 6 / 16 PE neighbors  - partition window = , 1530 / 28900 active - aborting? 0 - last step? 0 - remote cache hits=13451 misses=3470 age misses=0, feature cache hits=0 misses=0
PE 8 - timestep 3 - set 0 / 3200 - 1852.227000 ms
PE 8 - total 1852.144000 ms - metadata 56.030000 ms (52.219000 0.000000) - summary 4.248000 ms (1.842000 0.077000 2.329000 | 0.070000 0.047000 0.050000 2.162000) - edges 1791.328000 ms (1707.098000 79.041000) - neighbor updates 0.485000 ms - abort 0.053000 ms - 0 spins - 5 / 16 PE neighbors  - partition window = , 1538 / 28900 active - aborting? 0 - last step? 0 - remote cache hits=13800 misses=3491 age misses=0, feature cache hits=0 misses=0
PE 12 - timestep 3 - set 0 / 3200 - 1414.044000 ms
PE 12 - total 1413.934000 ms - metadata 52.814000 ms (49.057000 0.000000) - summary 4.283000 ms (1.791000 0.069000 2.423000 | 0.064000 0.047000 0.053000 2.258000) - edges 1356.414000 ms (1274.753000 76.869000) - neighbor updates 0.369000 ms - abort 0.054000 ms - 0 spins - 4 / 16 PE neighbors  - partition window = , 1560 / 28900 active - aborting? 0 - last step? 0 - remote cache hits=12937 misses=3424 age misses=0, feature cache hits=0 misses=0
PE 13 - timestep 3 - set 0 / 3200 - 1719.209000 ms
PE 13 - total 1719.125000 ms - metadata 54.514000 ms (50.636000 0.000000) - summary 4.010000 ms (1.632000 0.072000 2.306000 | 0.063000 0.043000 0.049000 2.149000) - edges 1660.143000 ms (1574.295000 80.825000) - neighbor updates 0.404000 ms - abort 0.054000 ms - 0 spins - 4 / 16 PE neighbors  - partition window = , 1555 / 28900 active - aborting? 0 - last step? 0 - remote cache hits=13541 misses=3506 age misses=0, feature cache hits=0 misses=0
PE 6 - timestep 4 - set 0 / 3200 - 1378.671000 ms
PE 6 - total 1378.640000 ms - metadata 51.781000 ms (48.227000 0.000000) - summary 3.694000 ms (1.632000 0.070000 1.992000 | 0.068000 0.040000 0.047000 1.835000) - edges 1322.797000 ms (1235.707000 80.471000) - neighbor updates 0.313000 ms - abort 0.055000 ms - 0 spins - 9 / 16 PE neighbors  - partition window = , 1553 / 28900 active - aborting? 0 - last step? 0 - remote cache hits=20075 misses=3572 age misses=0, feature cache hits=0 misses=0
PE 10 - timestep 4 - set 0 / 3200 - 1428.270000 ms
PE 10 - total 1428.239000 ms - metadata 50.906000 ms (47.333000 0.000000) - summary 3.741000 ms (1.572000 0.071000 2.098000 | 0.070000 0.040000 0.047000 1.937000) - edges 1373.209000 ms (1284.721000 82.495000) - neighbor updates 0.328000 ms - abort 0.055000 ms - 0 spins - 7 / 16 PE neighbors  - partition window = , 1580 / 28900 active - aborting? 0 - last step? 0 - remote cache hits=20147 misses=3615 age misses=0, feature cache hits=0 misses=0
PE 2 - timestep 3 - set 0 / 3200 - 1875.448000 ms
PE 2 - total 1875.385000 ms - metadata 66.741000 ms (62.835000 0.000000) - summary 4.198000 ms (2.384000 0.050000 1.764000 | 0.068000 0.047000 0.040000 1.607000) - edges 1803.925000 ms (1709.900000 88.397000) - neighbor updates 0.446000 ms - abort 0.075000 ms - 0 spins - 6 / 16 PE neighbors  - partition window = , 1565 / 28900 active - aborting? 0 - last step? 0 - remote cache hits=13498 misses=3511 age misses=0, feature cache hits=0 misses=0
PE 0 - timestep 4 - set 0 / 3200 - 1553.530000 ms
PE 0 - total 1553.507000 ms - metadata 52.812000 ms (49.145000 0.000000) - summary 4.144000 ms (1.841000 0.069000 2.234000 | 0.072000 0.042000 0.051000 2.068000) - edges 1496.081000 ms (1414.755000 76.589000) - neighbor updates 0.418000 ms - abort 0.052000 ms - 0 spins - 4 / 16 PE neighbors  - partition window = , 1553 / 28900 active - aborting? 0 - last step? 0 - remote cache hits=19799 misses=3403 age misses=0, feature cache hits=0 misses=0
PE 15 - timestep 4 - set 0 / 3200 - 1518.025000 ms
PE 15 - total 1518.004000 ms - metadata 53.414000 ms (49.688000 0.000000) - summary 4.095000 ms (1.618000 0.073000 2.404000 | 0.063000 0.046000 0.038000 2.254000) - edges 1460.113000 ms (1376.589000 78.683000) - neighbor updates 0.335000 ms - abort 0.047000 ms - 0 spins - 4 / 16 PE neighbors  - partition window = , 1545 / 28900 active - aborting? 0 - last step? 0 - remote cache hits=19975 misses=3417 age misses=0, feature cache hits=0 misses=0
PE 3 - timestep 3 - set 0 / 3200 - 2235.328000 ms
PE 3 - total 2235.175000 ms - metadata 54.381000 ms (50.473000 0.000000) - summary 3.853000 ms (1.553000 0.078000 2.222000 | 0.060000 0.050000 0.038000 2.073000) - edges 2176.358000 ms (2093.269000 78.229000) - neighbor updates 0.526000 ms - abort 0.057000 ms - 0 spins - 4 / 16 PE neighbors  - partition window = , 1541 / 28900 active - aborting? 0 - last step? 0 - remote cache hits=13331 misses=3423 age misses=0, feature cache hits=0 misses=0
PE 14 - timestep 3 - set 0 / 3200 - 2405.005000 ms
PE 14 - total 2404.920000 ms - metadata 55.261000 ms (51.417000 0.000000) - summary 4.641000 ms (2.224000 0.075000 2.342000 | 0.071000 0.051000 0.048000 2.171000) - edges 2344.408000 ms (2256.317000 82.187000) - neighbor updates 0.550000 ms - abort 0.060000 ms - 0 spins - 6 / 16 PE neighbors  - partition window = , 1563 / 28900 active - aborting? 0 - last step? 0 - remote cache hits=13357 misses=3519 age misses=0, feature cache hits=0 misses=0
PE 1 - timestep 4 - set 0 / 3200 - 1583.854000 ms
PE 1 - total 1583.839000 ms - metadata 54.538000 ms (50.728000 0.000000) - summary 3.874000 ms (1.803000 0.067000 2.004000 | 0.062000 0.043000 0.037000 1.860000) - edges 1524.959000 ms (1439.117000 80.272000) - neighbor updates 0.411000 ms - abort 0.057000 ms - 0 spins - 6 / 16 PE neighbors  - partition window = , 1555 / 28900 active - aborting? 0 - last step? 0 - remote cache hits=20379 misses=3515 age misses=0, feature cache hits=0 misses=0
PE 11 - timestep 4 - set 2 / 3200 - 1631.046000 ms
PE 11 - total 1631.018000 ms - metadata 56.177000 ms (52.358000 0.000000) - summary 4.399000 ms (2.092000 0.071000 2.236000 | 0.067000 0.046000 0.045000 2.076000) - edges 1570.045000 ms (1483.675000 80.617000) - neighbor updates 0.341000 ms - abort 0.056000 ms - 0 spins - 6 / 16 PE neighbors  - partition window = , 1539 / 28900 active - aborting? 0 - last step? 0 - remote cache hits=20208 misses=3512 age misses=0, feature cache hits=0 misses=0
PE 5 - timestep 4 - set 0 / 3200 - 1631.294000 ms
PE 5 - total 1631.235000 ms - metadata 55.685000 ms (51.846000 0.000000) - summary 3.841000 ms (1.677000 0.069000 2.095000 | 0.055000 0.044000 0.043000 1.950000) - edges 1571.316000 ms (1483.758000 81.170000) - neighbor updates 0.340000 ms - abort 0.053000 ms - 0 spins - 8 / 16 PE neighbors  - partition window = , 1559 / 28900 active - aborting? 0 - last step? 0 - remote cache hits=20453 misses=3612 age misses=0, feature cache hits=0 misses=0
PE 9 - timestep 4 - set 0 / 3200 - 1715.532000 ms
PE 9 - total 1715.488000 ms - metadata 54.980000 ms (51.150000 0.000000) - summary 3.615000 ms (1.546000 0.068000 2.001000 | 0.057000 0.046000 0.042000 1.854000) - edges 1656.508000 ms (1566.445000 83.512000) - neighbor updates 0.335000 ms - abort 0.050000 ms - 0 spins - 8 / 16 PE neighbors  - partition window = , 1581 / 28900 active - aborting? 0 - last step? 0 - remote cache hits=20322 misses=3591 age misses=0, feature cache hits=0 misses=0
PE 12 - timestep 4 - set 0 / 3200 - 1501.746000 ms
PE 12 - total 1501.741000 ms - metadata 50.628000 ms (46.977000 0.000000) - summary 4.319000 ms (1.821000 0.068000 2.430000 | 0.068000 0.044000 0.049000 2.267000) - edges 1446.383000 ms (1362.897000 78.563000) - neighbor updates 0.337000 ms - abort 0.074000 ms - 0 spins - 4 / 16 PE neighbors  - partition window = , 1574 / 28900 active - aborting? 0 - last step? 0 - remote cache hits=19421 misses=3426 age misses=0, feature cache hits=0 misses=0
PE 7 - timestep 4 - set 0 / 3200 - 1824.652000 ms
PE 7 - total 1824.623000 ms - metadata 56.537000 ms (52.701000 0.000000) - summary 4.237000 ms (1.914000 0.072000 2.251000 | 0.061000 0.058000 0.045000 2.086000) - edges 1763.466000 ms (1678.227000 79.614000) - neighbor updates 0.328000 ms - abort 0.055000 ms - 0 spins - 6 / 16 PE neighbors  - partition window = , 1544 / 28900 active - aborting? 0 - last step? 0 - remote cache hits=20199 misses=3471 age misses=0, feature cache hits=0 misses=0
PE 8 - timestep 4 - set 0 / 3200 - 1859.171000 ms
PE 8 - total 1859.142000 ms - metadata 55.936000 ms (52.137000 0.000000) - summary 4.163000 ms (1.759000 0.082000 2.322000 | 0.065000 0.045000 0.049000 2.162000) - edges 1798.469000 ms (1713.304000 80.008000) - neighbor updates 0.520000 ms - abort 0.054000 ms - 0 spins - 5 / 16 PE neighbors  - partition window = , 1557 / 28900 active - aborting? 0 - last step? 0 - remote cache hits=20699 misses=3497 age misses=0, feature cache hits=0 misses=0
PE 6 - timestep 5 - set 0 / 3200 - 1386.906000 ms
PE 6 - total 1386.877000 ms - metadata 52.630000 ms (48.929000 0.000000) - summary 3.708000 ms (1.641000 0.072000 1.995000 | 0.070000 0.042000 0.044000 1.839000) - edges 1330.137000 ms (1243.463000 80.050000) - neighbor updates 0.346000 ms - abort 0.056000 ms - 0 spins - 9 / 16 PE neighbors  - partition window = , 1563 / 28900 active - aborting? 0 - last step? 0 - remote cache hits=26797 misses=3581 age misses=0, feature cache hits=0 misses=0
PE 10 - timestep 5 - set 0 / 3200 - 1391.800000 ms
PE 10 - total 1391.772000 ms - metadata 51.631000 ms (47.906000 0.000000) - summary 4.005000 ms (1.822000 0.069000 2.114000 | 0.068000 0.044000 0.050000 1.948000) - edges 1335.734000 ms (1247.905000 81.908000) - neighbor updates 0.347000 ms - abort 0.055000 ms - 0 spins - 7 / 16 PE neighbors  - partition window = , 1591 / 28900 active - aborting? 0 - last step? 0 - remote cache hits=26849 misses=3629 age misses=0, feature cache hits=0 misses=0
PE 13 - timestep 4 - set 0 / 3200 - 1704.750000 ms
PE 13 - total 1704.724000 ms - metadata 54.701000 ms (50.905000 0.000000) - summary 4.221000 ms (1.833000 0.068000 2.320000 | 0.061000 0.047000 0.043000 2.166000) - edges 1645.346000 ms (1558.662000 81.662000) - neighbor updates 0.399000 ms - abort 0.057000 ms - 0 spins - 4 / 16 PE neighbors  - partition window = , 1562 / 28900 active - aborting? 0 - last step? 0 - remote cache hits=20310 misses=3509 age misses=0, feature cache hits=0 misses=0
PE 4 - timestep 3 - set 0 / 3200 - 2359.839000 ms
PE 4 - total 2359.764000 ms - metadata 62.912000 ms (59.094000 0.000000) - summary 4.139000 ms (1.931000 0.073000 2.135000 | 0.070000 0.052000 0.046000 1.964000) - edges 2292.080000 ms (2198.819000 87.825000) - neighbor updates 0.577000 ms - abort 0.056000 ms - 0 spins - 5 / 16 PE neighbors  - partition window = , 1520 / 28900 active - aborting? 0 - last step? 0 - remote cache hits=13359 misses=3486 age misses=0, feature cache hits=0 misses=0
PE 0 - timestep 5 - set 0 / 3200 - 1557.897000 ms
PE 0 - total 1557.865000 ms - metadata 53.209000 ms (49.399000 0.000000) - summary 3.975000 ms (1.688000 0.070000 2.217000 | 0.064000 0.042000 0.047000 2.062000) - edges 1500.161000 ms (1419.513000 75.984000) - neighbor updates 0.468000 ms - abort 0.052000 ms - 0 spins - 4 / 16 PE neighbors  - partition window = , 1565 / 28900 active - aborting? 0 - last step? 0 - remote cache hits=26419 misses=3403 age misses=0, feature cache hits=0 misses=0
PE 15 - timestep 5 - set 0 / 3200 - 1541.551000 ms
PE 15 - total 1541.503000 ms - metadata 53.775000 ms (49.869000 0.000000) - summary 4.139000 ms (1.669000 0.069000 2.401000 | 0.062000 0.047000 0.039000 2.250000) - edges 1483.127000 ms (1400.220000 78.133000) - neighbor updates 0.414000 ms - abort 0.048000 ms - 0 spins - 4 / 16 PE neighbors  - partition window = , 1553 / 28900 active - aborting? 0 - last step? 0 - remote cache hits=26596 misses=3420 age misses=0, feature cache hits=0 misses=0
PE 14 - timestep 4 - set 0 / 3200 - 1461.058000 ms
PE 14 - total 1461.023000 ms - metadata 52.450000 ms (48.750000 0.000000) - summary 4.256000 ms (1.856000 0.070000 2.330000 | 0.064000 0.054000 0.047000 2.164000) - edges 1403.914000 ms (1317.810000 80.453000) - neighbor updates 0.349000 ms - abort 0.054000 ms - 0 spins - 6 / 16 PE neighbors  - partition window = , 1582 / 28900 active - aborting? 0 - last step? 0 - remote cache hits=20064 misses=3527 age misses=0, feature cache hits=0 misses=0
PE 2 - timestep 4 - set 0 / 3200 - 2101.598000 ms
PE 2 - total 2101.551000 ms - metadata 64.417000 ms (60.549000 0.000000) - summary 3.819000 ms (1.941000 0.055000 1.823000 | 0.072000 0.061000 0.043000 1.647000) - edges 2032.794000 ms (1938.476000 88.732000) - neighbor updates 0.464000 ms - abort 0.057000 ms - 0 spins - 6 / 16 PE neighbors  - partition window = , 1574 / 28900 active - aborting? 0 - last step? 0 - remote cache hits=20245 misses=3512 age misses=0, feature cache hits=0 misses=0
PE 3 - timestep 4 - set 0 / 3200 - 1786.977000 ms
PE 3 - total 1786.941000 ms - metadata 55.025000 ms (51.012000 0.000000) - summary 4.071000 ms (1.768000 0.073000 2.230000 | 0.059000 0.046000 0.043000 2.080000) - edges 1727.450000 ms (1645.045000 77.558000) - neighbor updates 0.342000 ms - abort 0.053000 ms - 0 spins - 4 / 16 PE neighbors  - partition window = , 1547 / 28900 active - aborting? 0 - last step? 0 - remote cache hits=19987 misses=3423 age misses=0, feature cache hits=0 misses=0
PE 5 - timestep 5 - set 0 / 3200 - 1591.343000 ms
PE 5 - total 1591.318000 ms - metadata 55.963000 ms (51.960000 0.000000) - summary 3.817000 ms (1.638000 0.076000 2.103000 | 0.064000 0.042000 0.041000 1.954000) - edges 1531.122000 ms (1442.098000 82.634000) - neighbor updates 0.363000 ms - abort 0.053000 ms - 0 spins - 8 / 16 PE neighbors  - partition window = , 1581 / 28900 active - aborting? 0 - last step? 0 - remote cache hits=27292 misses=3627 age misses=0, feature cache hits=0 misses=0
PE 11 - timestep 5 - set 2 / 3200 - 1667.961000 ms
PE 11 - total 1667.929000 ms - metadata 55.774000 ms (51.801000 0.000000) - summary 4.402000 ms (2.102000 0.072000 2.228000 | 0.064000 0.046000 0.042000 2.073000) - edges 1607.328000 ms (1520.490000 81.010000) - neighbor updates 0.372000 ms - abort 0.053000 ms - 0 spins - 6 / 16 PE neighbors  - partition window = , 1545 / 28900 active - aborting? 0 - last step? 0 - remote cache hits=26931 misses=3517 age misses=0, feature cache hits=0 misses=0
PE 12 - timestep 5 - set 0 / 3200 - 1519.367000 ms
PE 12 - total 1519.314000 ms - metadata 50.257000 ms (46.538000 0.000000) - summary 4.328000 ms (1.815000 0.068000 2.445000 | 0.066000 0.050000 0.048000 2.279000) - edges 1464.232000 ms (1382.562000 76.893000) - neighbor updates 0.444000 ms - abort 0.053000 ms - 0 spins - 4 / 16 PE neighbors  - partition window = , 1590 / 28900 active - aborting? 0 - last step? 0 - remote cache hits=25885 misses=3426 age misses=0, feature cache hits=0 misses=0
PE 6 - timestep 6 - set 0 / 3200 - 1377.188000 ms
PE 6 - total 1377.162000 ms - metadata 52.621000 ms (49.108000 0.000000) - summary 3.665000 ms (1.602000 0.069000 1.994000 | 0.066000 0.038000 0.050000 1.839000) - edges 1320.496000 ms (1232.419000 81.489000) - neighbor updates 0.324000 ms - abort 0.056000 ms - 0 spins - 9 / 16 PE neighbors  - partition window = , 1571 / 28900 active - aborting? 0 - last step? 0 - remote cache hits=33551 misses=3590 age misses=0, feature cache hits=0 misses=0
PE 7 - timestep 5 - set 0 / 3200 - 1559.158000 ms
PE 7 - total 1559.134000 ms - metadata 54.179000 ms (50.277000 0.000000) - summary 4.032000 ms (1.745000 0.072000 2.215000 | 0.060000 0.042000 0.042000 2.067000) - edges 1500.408000 ms (1415.571000 79.326000) - neighbor updates 0.457000 ms - abort 0.058000 ms - 0 spins - 6 / 16 PE neighbors  - partition window = , 1559 / 28900 active - aborting? 0 - last step? 0 - remote cache hits=26934 misses=3477 age misses=0, feature cache hits=0 misses=0
PE 9 - timestep 5 - set 0 / 3200 - 1726.438000 ms
PE 9 - total 1726.440000 ms - metadata 53.400000 ms (49.526000 0.000000) - summary 3.773000 ms (1.692000 0.067000 2.014000 | 0.059000 0.044000 0.042000 1.867000) - edges 1668.812000 ms (1578.038000 84.225000) - neighbor updates 0.398000 ms - abort 0.057000 ms - 0 spins - 8 / 16 PE neighbors  - partition window = , 1594 / 28900 active - aborting? 0 - last step? 0 - remote cache hits=27101 misses=3602 age misses=0, feature cache hits=0 misses=0
PE 10 - timestep 6 - set 0 / 3200 - 1408.499000 ms
PE 10 - total 1408.479000 ms - metadata 50.649000 ms (47.110000 0.000000) - summary 3.774000 ms (1.572000 0.074000 2.128000 | 0.067000 0.046000 0.051000 1.963000) - edges 1353.657000 ms (1264.258000 83.282000) - neighbor updates 0.342000 ms - abort 0.057000 ms - 0 spins - 7 / 16 PE neighbors  - partition window = , 1608 / 28900 active - aborting? 0 - last step? 0 - remote cache hits=33551 misses=3638 age misses=0, feature cache hits=0 misses=0
PE 1 - timestep 5 - set 0 / 3200 - 2174.361000 ms
PE 1 - total 2174.335000 ms - metadata 54.898000 ms (50.998000 0.000000) - summary 3.603000 ms (1.514000 0.073000 2.016000 | 0.059000 0.046000 0.042000 1.869000) - edges 2114.997000 ms (2029.405000 79.940000) - neighbor updates 0.773000 ms - abort 0.064000 ms - 0 spins - 6 / 16 PE neighbors  - partition window = , 1568 / 28900 active - aborting? 0 - last step? 0 - remote cache hits=27165 misses=3517 age misses=0, feature cache hits=0 misses=0
PE 8 - timestep 5 - set 0 / 3200 - 1648.035000 ms
PE 8 - total 1648.002000 ms - metadata 56.359000 ms (52.464000 0.000000) - summary 4.293000 ms (1.855000 0.072000 2.366000 | 0.067000 0.052000 0.048000 2.199000) - edges 1586.925000 ms (1501.017000 80.671000) - neighbor updates 0.373000 ms - abort 0.052000 ms - 0 spins - 5 / 16 PE neighbors  - partition window = , 1570 / 28900 active - aborting? 0 - last step? 0 - remote cache hits=27617 misses=3501 age misses=0, feature cache hits=0 misses=0
PE 13 - timestep 5 - set 0 / 3200 - 1701.349000 ms
PE 13 - total 1701.331000 ms - metadata 54.618000 ms (50.647000 0.000000) - summary 4.061000 ms (1.606000 0.071000 2.384000 | 0.063000 0.052000 0.042000 2.224000) - edges 1642.196000 ms (1555.649000 81.565000) - neighbor updates 0.386000 ms - abort 0.070000 ms - 0 spins - 4 / 16 PE neighbors  - partition window = , 1580 / 28900 active - aborting? 0 - last step? 0 - remote cache hits=27081 misses=3513 age misses=0, feature cache hits=0 misses=0
PE 0 - timestep 6 - set 0 / 3200 - 1300.821000 ms
PE 0 - total 1300.786000 ms - metadata 52.811000 ms (49.173000 0.000000) - summary 4.247000 ms (1.915000 0.070000 2.262000 | 0.070000 0.042000 0.050000 2.096000) - edges 1243.368000 ms (1162.638000 76.085000) - neighbor updates 0.313000 ms - abort 0.047000 ms - 0 spins - 4 / 16 PE neighbors  - partition window = , 1580 / 28900 active - aborting? 0 - last step? 0 - remote cache hits=33039 misses=3405 age misses=0, feature cache hits=0 misses=0
PE 15 - timestep 6 - set 0 / 3200 - 1563.707000 ms
PE 15 - total 1563.672000 ms - metadata 53.564000 ms (49.762000 0.000000) - summary 4.167000 ms (1.672000 0.070000 2.425000 | 0.059000 0.043000 0.042000 2.279000) - edges 1505.531000 ms (1422.757000 77.983000) - neighbor updates 0.364000 ms - abort 0.046000 ms - 0 spins - 4 / 16 PE neighbors  - partition window = , 1568 / 28900 active - aborting? 0 - last step? 0 - remote cache hits=33223 misses=3423 age misses=0, feature cache hits=0 misses=0
PE 14 - timestep 5 - set 0 / 3200 - 1829.869000 ms
PE 14 - total 1829.844000 ms - metadata 52.773000 ms (48.956000 0.000000) - summary 4.220000 ms (1.793000 0.074000 2.353000 | 0.066000 0.044000 0.049000 2.191000) - edges 1772.340000 ms (1685.454000 80.972000) - neighbor updates 0.454000 ms - abort 0.057000 ms - 0 spins - 6 / 16 PE neighbors  - partition window = , 1599 / 28900 active - aborting? 0 - last step? 0 - remote cache hits=26792 misses=3533 age misses=0, feature cache hits=0 misses=0
PE 3 - timestep 5 - set 0 / 3200 - 1608.409000 ms
PE 3 - total 1608.383000 ms - metadata 54.807000 ms (50.898000 0.000000) - summary 3.875000 ms (1.547000 0.068000 2.260000 | 0.058000 0.051000 0.040000 2.108000) - edges 1549.231000 ms (1466.375000 78.077000) - neighbor updates 0.418000 ms - abort 0.052000 ms - 0 spins - 4 / 16 PE neighbors  - partition window = , 1560 / 28900 active - aborting? 0 - last step? 0 - remote cache hits=26673 misses=3423 age misses=0, feature cache hits=0 misses=0
PE 5 - timestep 6 - set 0 / 3200 - 1622.587000 ms
PE 5 - total 1622.557000 ms - metadata 53.726000 ms (49.949000 0.000000) - summary 3.976000 ms (1.768000 0.074000 2.134000 | 0.060000 0.044000 0.043000 1.986000) - edges 1564.460000 ms (1474.258000 83.863000) - neighbor updates 0.341000 ms - abort 0.054000 ms - 0 spins - 8 / 16 PE neighbors  - partition window = , 1592 / 28900 active - aborting? 0 - last step? 0 - remote cache hits=34150 misses=3648 age misses=0, feature cache hits=0 misses=0
PE 12 - timestep 6 - set 0 / 3200 - 1463.709000 ms
PE 12 - total 1463.691000 ms - metadata 51.358000 ms (47.730000 0.000000) - summary 4.669000 ms (2.104000 0.074000 2.491000 | 0.064000 0.049000 0.052000 2.323000) - edges 1407.096000 ms (1323.917000 78.304000) - neighbor updates 0.512000 ms - abort 0.056000 ms - 0 spins - 4 / 16 PE neighbors  - partition window = , 1601 / 28900 active - aborting? 0 - last step? 0 - remote cache hits=32365 misses=3427 age misses=0, feature cache hits=0 misses=0
PE 6 - timestep 7 - set 0 / 3200 - 1448.090000 ms
PE 6 - total 1448.064000 ms - metadata 53.557000 ms (49.923000 0.000000) - summary 3.905000 ms (1.797000 0.070000 2.038000 | 0.070000 0.040000 0.043000 1.883000) - edges 1390.198000 ms (1239.303000 146.372000) - neighbor updates 0.347000 ms - abort 0.057000 ms - 0 spins - 9 / 16 PE neighbors  - partition window = , 1579 / 28900 active - aborting? 0 - last step? 0 - remote cache hits=36779 misses=3590 age misses=3533, feature cache hits=0 misses=0
PE 11 - timestep 6 - set 2 / 3200 - 1683.634000 ms
PE 11 - total 1683.605000 ms - metadata 52.966000 ms (49.227000 0.000000) - summary 3.986000 ms (1.700000 0.069000 2.217000 | 0.063000 0.041000 0.042000 2.069000) - edges 1626.253000 ms (1540.621000 79.892000) - neighbor updates 0.348000 ms - abort 0.052000 ms - 0 spins - 6 / 16 PE neighbors  - partition window = , 1557 / 28900 active - aborting? 0 - last step? 0 - remote cache hits=33633 misses=3519 age misses=0, feature cache hits=0 misses=0
PE 7 - timestep 6 - set 0 / 3200 - 1603.803000 ms
PE 7 - total 1603.766000 ms - metadata 53.726000 ms (50.023000 0.000000) - summary 4.050000 ms (1.729000 0.068000 2.253000 | 0.061000 0.051000 0.043000 2.095000) - edges 1545.571000 ms (1460.510000 79.505000) - neighbor updates 0.366000 ms - abort 0.053000 ms - 0 spins - 6 / 16 PE neighbors  - partition window = , 1570 / 28900 active - aborting? 0 - last step? 0 - remote cache hits=33670 misses=3481 age misses=0, feature cache hits=0 misses=0
PE 8 - timestep 6 - set 0 / 3200 - 1537.614000 ms
PE 8 - total 1537.596000 ms - metadata 57.395000 ms (53.641000 0.000000) - summary 4.284000 ms (1.835000 0.071000 2.378000 | 0.072000 0.048000 0.052000 2.205000) - edges 1475.470000 ms (1389.943000 80.255000) - neighbor updates 0.394000 ms - abort 0.053000 ms - 0 spins - 5 / 16 PE neighbors  - partition window = , 1588 / 28900 active - aborting? 0 - last step? 0 - remote cache hits=34569 misses=3501 age misses=0, feature cache hits=0 misses=0
PE 9 - timestep 6 - set 0 / 3200 - 1767.174000 ms
PE 9 - total 1767.117000 ms - metadata 53.253000 ms (49.432000 0.000000) - summary 4.192000 ms (2.033000 0.070000 2.089000 | 0.063000 0.052000 0.042000 1.930000) - edges 1709.250000 ms (1618.271000 84.381000) - neighbor updates 0.369000 ms - abort 0.053000 ms - 0 spins - 8 / 16 PE neighbors  - partition window = , 1602 / 28900 active - aborting? 0 - last step? 0 - remote cache hits=33882 misses=3604 age misses=0, feature cache hits=0 misses=0
PE 4 - timestep 4 - set 0 / 3200 - 2900.879000 ms
PE 4 - total 2900.864000 ms - metadata 63.519000 ms (59.596000 0.000000) - summary 4.308000 ms (2.136000 0.054000 2.118000 | 0.069000 0.056000 0.043000 1.947000) - edges 2832.117000 ms (2736.646000 89.934000) - neighbor updates 0.856000 ms - abort 0.064000 ms - 0 spins - 5 / 16 PE neighbors  - partition window = , 1537 / 28900 active - aborting? 0 - last step? 0 - remote cache hits=20041 misses=3489 age misses=0, feature cache hits=0 misses=0
PE 10 - timestep 7 - set 0 / 3200 - 1810.791000 ms
PE 10 - total 1810.757000 ms - metadata 51.480000 ms (47.888000 0.000000) - summary 3.941000 ms (1.746000 0.073000 2.122000 | 0.064000 0.044000 0.054000 1.959000) - edges 1754.967000 ms (1598.180000 152.907000) - neighbor updates 0.316000 ms - abort 0.053000 ms - 0 spins - 7 / 16 PE neighbors  - partition window = , 1618 / 28900 active - aborting? 0 - last step? 0 - remote cache hits=36700 misses=3658 age misses=3580, feature cache hits=0 misses=0
PE 0 - timestep 7 - set 0 / 3200 - 1369.679000 ms
PE 0 - total 1369.663000 ms - metadata 53.893000 ms (50.262000 0.000000) - summary 3.990000 ms (1.666000 0.070000 2.254000 | 0.066000 0.043000 0.047000 2.097000) - edges 1311.346000 ms (1169.106000 139.551000) - neighbor updates 0.380000 ms - abort 0.054000 ms - 0 spins - 4 / 16 PE neighbors  - partition window = , 1588 / 28900 active - aborting? 0 - last step? 0 - remote cache hits=36284 misses=3405 age misses=3394, feature cache hits=0 misses=0
PE 2 - timestep 5 - set 0 / 3200 - 2503.108000 ms
PE 2 - total 2503.097000 ms - metadata 64.305000 ms (60.363000 0.000000) - summary 4.017000 ms (2.105000 0.052000 1.860000 | 0.069000 0.052000 0.046000 1.689000) - edges 2433.515000 ms (2337.163000 90.614000) - neighbor updates 1.193000 ms - abort 0.067000 ms - 0 spins - 6 / 16 PE neighbors  - partition window = , 1580 / 28900 active - aborting? 0 - last step? 0 - remote cache hits=26997 misses=3515 age misses=0, feature cache hits=0 misses=0
PE 13 - timestep 6 - set 0 / 3200 - 1743.414000 ms
PE 13 - total 1743.367000 ms - metadata 54.045000 ms (50.294000 0.000000) - summary 4.177000 ms (1.758000 0.068000 2.351000 | 0.063000 0.045000 0.042000 2.199000) - edges 1684.438000 ms (1595.815000 83.554000) - neighbor updates 0.653000 ms - abort 0.054000 ms - 0 spins - 4 / 16 PE neighbors  - partition window = , 1592 / 28900 active - aborting? 0 - last step? 0 - remote cache hits=33844 misses=3515 age misses=0, feature cache hits=0 misses=0
PE 1 - timestep 6 - set 0 / 3200 - 2250.269000 ms
PE 1 - total 2250.228000 ms - metadata 54.711000 ms (50.773000 0.000000) - summary 4.008000 ms (1.880000 0.072000 2.056000 | 0.059000 0.050000 0.040000 1.905000) - edges 2191.123000 ms (2104.673000 80.707000) - neighbor updates 0.332000 ms - abort 0.054000 ms - 0 spins - 6 / 16 PE neighbors  - partition window = , 1581 / 28900 active - aborting? 0 - last step? 0 - remote cache hits=33931 misses=3520 age misses=0, feature cache hits=0 misses=0
PE 15 - timestep 7 - set 0 / 3200 - 1806.825000 ms
PE 15 - total 1806.819000 ms - metadata 53.415000 ms (49.594000 0.000000) - summary 4.201000 ms (1.680000 0.068000 2.453000 | 0.062000 0.047000 0.045000 2.297000) - edges 1748.681000 ms (1597.809000 148.168000) - neighbor updates 0.473000 ms - abort 0.049000 ms - 0 spins - 4 / 16 PE neighbors  - partition window = , 1584 / 28900 active - aborting? 0 - last step? 0 - remote cache hits=36444 misses=3432 age misses=3406, feature cache hits=0 misses=0
PE 6 - timestep 8 - set 0 / 3200 - 1349.749000 ms
PE 6 - total 1349.717000 ms - metadata 54.983000 ms (51.271000 0.000000) - summary 3.890000 ms (1.804000 0.073000 2.013000 | 0.064000 0.037000 0.046000 1.865000) - edges 1290.473000 ms (1201.673000 82.138000) - neighbor updates 0.314000 ms - abort 0.057000 ms - 0 spins - 9 / 16 PE neighbors  - partition window = , 1599 / 28900 active - aborting? 0 - last step? 0 - remote cache hits=43542 misses=3602 age misses=3539, feature cache hits=0 misses=0
PE 12 - timestep 7 - set 0 / 3200 - 1419.855000 ms
PE 12 - total 1419.813000 ms - metadata 53.281000 ms (49.508000 0.000000) - summary 4.491000 ms (1.967000 0.072000 2.452000 | 0.066000 0.044000 0.046000 2.294000) - edges 1361.635000 ms (1222.581000 136.199000) - neighbor updates 0.356000 ms - abort 0.050000 ms - 0 spins - 4 / 16 PE neighbors  - partition window = , 1608 / 28900 active - aborting? 0 - last step? 0 - remote cache hits=35679 misses=3428 age misses=3200, feature cache hits=0 misses=0
PE 3 - timestep 6 - set 0 / 3200 - 1663.980000 ms
PE 3 - total 1663.964000 ms - metadata 54.689000 ms (50.951000 0.000000) - summary 3.968000 ms (1.628000 0.071000 2.269000 | 0.061000 0.043000 0.043000 2.120000) - edges 1604.876000 ms (1520.922000 79.069000) - neighbor updates 0.368000 ms - abort 0.063000 ms - 0 spins - 4 / 16 PE neighbors  - partition window = , 1576 / 28900 active - aborting? 0 - last step? 0 - remote cache hits=33349 misses=3424 age misses=0, feature cache hits=0 misses=0
PE 5 - timestep 7 - set 0 / 3200 - 1860.099000 ms
PE 5 - total 1860.071000 ms - metadata 53.967000 ms (50.188000 0.000000) - summary 3.869000 ms (1.646000 0.068000 2.155000 | 0.068000 0.043000 0.039000 2.001000) - edges 1801.827000 ms (1648.032000 149.430000) - neighbor updates 0.354000 ms - abort 0.054000 ms - 0 spins - 8 / 16 PE neighbors  - partition window = , 1601 / 28900 active - aborting? 0 - last step? 0 - remote cache hits=37533 misses=3649 age misses=3475, feature cache hits=0 misses=0
PE 14 - timestep 6 - set 0 / 3200 - 2014.838000 ms
PE 14 - total 2014.809000 ms - metadata 53.822000 ms (50.157000 0.000000) - summary 4.326000 ms (1.877000 0.073000 2.376000 | 0.075000 0.047000 0.051000 2.201000) - edges 1956.234000 ms (1868.633000 81.624000) - neighbor updates 0.370000 ms - abort 0.057000 ms - 0 spins - 6 / 16 PE neighbors  - partition window = , 1607 / 28900 active - aborting? 0 - last step? 0 - remote cache hits=33522 misses=3536 age misses=0, feature cache hits=0 misses=0
PE 0 - timestep 8 - set 0 / 3200 - 1350.638000 ms
PE 0 - total 1350.625000 ms - metadata 56.580000 ms (52.749000 0.000000) - summary 4.255000 ms (1.904000 0.074000 2.277000 | 0.067000 0.045000 0.049000 2.115000) - edges 1289.344000 ms (1207.570000 77.051000) - neighbor updates 0.375000 ms - abort 0.071000 ms - 0 spins - 4 / 16 PE neighbors  - partition window = , 1599 / 28900 active - aborting? 0 - last step? 0 - remote cache hits=42920 misses=3408 age misses=3395, feature cache hits=0 misses=0
PE 10 - timestep 8 - set 0 / 3200 - 1373.106000 ms
PE 10 - total 1373.085000 ms - metadata 53.320000 ms (49.575000 0.000000) - summary 4.274000 ms (2.030000 0.075000 2.169000 | 0.074000 0.048000 0.050000 1.996000) - edges 1315.078000 ms (1226.546000 82.424000) - neighbor updates 0.355000 ms - abort 0.058000 ms - 0 spins - 7 / 16 PE neighbors  - partition window = , 1627 / 28900 active - aborting? 0 - last step? 0 - remote cache hits=43409 misses=3659 age misses=3586, feature cache hits=0 misses=0
PE 11 - timestep 7 - set 2 / 3200 - 1943.482000 ms
PE 11 - total 1943.453000 ms - metadata 54.142000 ms (50.300000 0.000000) - summary 4.131000 ms (1.810000 0.071000 2.250000 | 0.062000 0.046000 0.040000 2.100000) - edges 1884.703000 ms (1732.575000 148.586000) - neighbor updates 0.424000 ms - abort 0.053000 ms - 0 spins - 6 / 16 PE neighbors  - partition window = , 1572 / 28900 active - aborting? 0 - last step? 0 - remote cache hits=36976 misses=3522 age misses=3383, feature cache hits=0 misses=0
PE 7 - timestep 7 - set 0 / 3200 - 2000.774000 ms
PE 7 - total 2000.744000 ms - metadata 54.913000 ms (51.043000 0.000000) - summary 4.023000 ms (1.692000 0.077000 2.254000 | 0.061000 0.046000 0.042000 2.102000) - edges 1941.164000 ms (1789.635000 148.009000) - neighbor updates 0.591000 ms - abort 0.053000 ms - 0 spins - 6 / 16 PE neighbors  - partition window = , 1582 / 28900 active - aborting? 0 - last step? 0 - remote cache hits=37049 misses=3492 age misses=3362, feature cache hits=0 misses=0
PE 8 - timestep 7 - set 0 / 3200 - 1986.364000 ms
PE 8 - total 1986.345000 ms - metadata 58.165000 ms (54.368000 0.000000) - summary 4.468000 ms (2.022000 0.070000 2.376000 | 0.073000 0.060000 0.046000 2.197000) - edges 1923.132000 ms (1773.976000 145.867000) - neighbor updates 0.517000 ms - abort 0.063000 ms - 0 spins - 5 / 16 PE neighbors  - partition window = , 1598 / 28900 active - aborting? 0 - last step? 0 - remote cache hits=38045 misses=3506 age misses=3487, feature cache hits=0 misses=0
PE 9 - timestep 7 - set 0 / 3200 - 1894.354000 ms
PE 9 - total 1894.333000 ms - metadata 54.772000 ms (50.951000 0.000000) - summary 3.938000 ms (1.812000 0.069000 2.057000 | 0.060000 0.047000 0.042000 1.906000) - edges 1835.210000 ms (1676.791000 153.996000) - neighbor updates 0.356000 ms - abort 0.057000 ms - 0 spins - 8 / 16 PE neighbors  - partition window = , 1614 / 28900 active - aborting? 0 - last step? 0 - remote cache hits=37221 misses=3606 age misses=3464, feature cache hits=0 misses=0
PE 13 - timestep 7 - set 0 / 3200 - 1853.463000 ms
PE 13 - total 1853.428000 ms - metadata 55.568000 ms (51.702000 0.000000) - summary 4.276000 ms (1.834000 0.070000 2.372000 | 0.066000 0.046000 0.040000 2.216000) - edges 1793.204000 ms (1639.406000 151.038000) - neighbor updates 0.330000 ms - abort 0.050000 ms - 0 spins - 4 / 16 PE neighbors  - partition window = , 1604 / 28900 active - aborting? 0 - last step? 0 - remote cache hits=37107 misses=3517 age misses=3487, feature cache hits=0 misses=0
PE 6 - timestep 9 - set 0 / 3200 - 1357.626000 ms
PE 6 - total 1357.605000 ms - metadata 53.003000 ms (49.408000 0.000000) - summary 3.720000 ms (1.618000 0.069000 2.033000 | 0.065000 0.039000 0.044000 1.883000) - edges 1300.425000 ms (1212.578000 81.130000) - neighbor updates 0.399000 ms - abort 0.058000 ms - 0 spins - 9 / 16 PE neighbors  - partition window = , 1610 / 28900 active - aborting? 0 - last step? 0 - remote cache hits=50307 misses=3603 age misses=3553, feature cache hits=0 misses=0
PE 12 - timestep 8 - set 0 / 3200 - 1302.432000 ms
PE 12 - total 1302.410000 ms - metadata 50.106000 ms (46.534000 0.000000) - summary 4.117000 ms (1.578000 0.070000 2.469000 | 0.070000 0.045000 0.047000 2.305000) - edges 1247.772000 ms (1161.134000 81.942000) - neighbor updates 0.362000 ms - abort 0.053000 ms - 0 spins - 4 / 16 PE neighbors  - partition window = , 1628 / 28900 active - aborting? 0 - last step? 0 - remote cache hits=41924 misses=3428 age misses=3415, feature cache hits=0 misses=0
PE 15 - timestep 8 - set 0 / 3200 - 1500.549000 ms
PE 15 - total 1500.492000 ms - metadata 54.902000 ms (51.094000 0.000000) - summary 4.377000 ms (1.822000 0.069000 2.486000 | 0.063000 0.043000 0.043000 2.334000) - edges 1440.792000 ms (1355.883000 79.954000) - neighbor updates 0.376000 ms - abort 0.045000 ms - 0 spins - 4 / 16 PE neighbors  - partition window = , 1599 / 28900 active - aborting? 0 - last step? 0 - remote cache hits=43064 misses=3436 age misses=3408, feature cache hits=0 misses=0
PE 3 - timestep 7 - set 0 / 3200 - 1676.585000 ms
PE 3 - total 1676.540000 ms - metadata 56.257000 ms (52.437000 0.000000) - summary 3.971000 ms (1.627000 0.068000 2.276000 | 0.062000 0.046000 0.042000 2.121000) - edges 1615.897000 ms (1472.687000 140.450000) - neighbor updates 0.361000 ms - abort 0.054000 ms - 0 spins - 4 / 16 PE neighbors  - partition window = , 1588 / 28900 active - aborting? 0 - last step? 0 - remote cache hits=36732 misses=3424 age misses=3301, feature cache hits=0 misses=0
PE 0 - timestep 9 - set 0 / 3200 - 1320.498000 ms
PE 0 - total 1320.450000 ms - metadata 56.092000 ms (52.254000 0.000000) - summary 4.200000 ms (1.852000 0.078000 2.270000 | 0.071000 0.045000 0.049000 2.105000) - edges 1259.677000 ms (1178.846000 76.135000) - neighbor updates 0.426000 ms - abort 0.055000 ms - 0 spins - 4 / 16 PE neighbors  - partition window = , 1606 / 28900 active - aborting? 0 - last step? 0 - remote cache hits=49575 misses=3408 age misses=3396, feature cache hits=0 misses=0
PE 4 - timestep 5 - set 0 / 3200 - 2820.093000 ms
PE 4 - total 2820.051000 ms - metadata 64.642000 ms (60.562000 0.000000) - summary 4.458000 ms (2.250000 0.057000 2.151000 | 0.071000 0.056000 0.044000 1.979000) - edges 2750.256000 ms (2654.767000 90.009000) - neighbor updates 0.640000 ms - abort 0.055000 ms - 0 spins - 5 / 16 PE neighbors  - partition window = , 1558 / 28900 active - aborting? 0 - last step? 0 - remote cache hits=26722 misses=3493 age misses=0, feature cache hits=0 misses=0
PE 10 - timestep 9 - set 0 / 3200 - 1385.428000 ms
PE 10 - total 1385.394000 ms - metadata 53.269000 ms (49.512000 0.000000) - summary 3.935000 ms (1.732000 0.075000 2.128000 | 0.063000 0.039000 0.049000 1.976000) - edges 1327.718000 ms (1237.055000 84.607000) - neighbor updates 0.415000 ms - abort 0.057000 ms - 0 spins - 7 / 16 PE neighbors  - partition window = , 1638 / 28900 active - aborting? 0 - last step? 0 - remote cache hits=50144 misses=3675 age misses=3590, feature cache hits=0 misses=0
PE 5 - timestep 8 - set 0 / 3200 - 1527.668000 ms
PE 5 - total 1527.662000 ms - metadata 55.503000 ms (51.567000 0.000000) - summary 3.866000 ms (1.625000 0.068000 2.173000 | 0.066000 0.051000 0.041000 2.013000) - edges 1467.894000 ms (1373.938000 87.542000) - neighbor updates 0.344000 ms - abort 0.055000 ms - 0 spins - 8 / 16 PE neighbors  - partition window = , 1620 / 28900 active - aborting? 0 - last step? 0 - remote cache hits=44311 misses=3668 age misses=3565, feature cache hits=0 misses=0
PE 2 - timestep 6 - set 0 / 3200 - 2924.357000 ms
PE 2 - total 2924.327000 ms - metadata 66.370000 ms (62.441000 0.000000) - summary 3.894000 ms (2.002000 0.053000 1.839000 | 0.063000 0.048000 0.044000 1.679000) - edges 2853.322000 ms (2755.736000 91.882000) - neighbor updates 0.683000 ms - abort 0.058000 ms - 0 spins - 6 / 16 PE neighbors  - partition window = , 1590 / 28900 active - aborting? 0 - last step? 0 - remote cache hits=33722 misses=3524 age misses=0, feature cache hits=0 misses=0
PE 1 - timestep 7 - set 0 / 3200 - 2526.055000 ms
PE 1 - total 2526.023000 ms - metadata 55.852000 ms (51.975000 0.000000) - summary 3.820000 ms (1.681000 0.068000 2.071000 | 0.063000 0.046000 0.044000 1.917000) - edges 2465.801000 ms (2314.327000 147.896000) - neighbor updates 0.496000 ms - abort 0.054000 ms - 0 spins - 6 / 16 PE neighbors  - partition window = , 1593 / 28900 active - aborting? 0 - last step? 0 - remote cache hits=37231 misses=3522 age misses=3445, feature cache hits=0 misses=0
PE 7 - timestep 8 - set 0 / 3200 - 1478.476000 ms
PE 7 - total 1478.446000 ms - metadata 54.261000 ms (50.300000 0.000000) - summary 4.175000 ms (1.829000 0.073000 2.273000 | 0.064000 0.045000 0.041000 2.121000) - edges 1419.635000 ms (1331.002000 83.087000) - neighbor updates 0.321000 ms - abort 0.054000 ms - 0 spins - 6 / 16 PE neighbors  - partition window = , 1595 / 28900 active - aborting? 0 - last step? 0 - remote cache hits=43629 misses=3503 age misses=3455, feature cache hits=0 misses=0
PE 8 - timestep 8 - set 0 / 3200 - 1565.160000 ms
PE 8 - total 1565.121000 ms - metadata 57.043000 ms (53.300000 0.000000) - summary 4.228000 ms (1.782000 0.073000 2.373000 | 0.068000 0.045000 0.049000 2.210000) - edges 1503.351000 ms (1418.842000 79.343000) - neighbor updates 0.444000 ms - abort 0.055000 ms - 0 spins - 5 / 16 PE neighbors  - partition window = , 1612 / 28900 active - aborting? 0 - last step? 0 - remote cache hits=45019 misses=3508 age misses=3487, feature cache hits=0 misses=0
PE 14 - timestep 7 - set 0 / 3200 - 2083.433000 ms
PE 14 - total 2083.411000 ms - metadata 53.562000 ms (49.807000 0.000000) - summary 4.141000 ms (1.688000 0.072000 2.381000 | 0.067000 0.044000 0.049000 2.220000) - edges 2025.168000 ms (1881.518000 139.759000) - neighbor updates 0.481000 ms - abort 0.059000 ms - 0 spins - 6 / 16 PE neighbors  - partition window = , 1615 / 28900 active - aborting? 0 - last step? 0 - remote cache hits=37087 misses=3537 age misses=3200, feature cache hits=0 misses=0
PE 9 - timestep 8 - set 0 / 3200 - 1577.140000 ms
PE 9 - total 1577.104000 ms - metadata 53.927000 ms (50.124000 0.000000) - summary 3.849000 ms (1.729000 0.072000 2.048000 | 0.063000 0.045000 0.041000 1.898000) - edges 1518.940000 ms (1426.139000 86.353000) - neighbor updates 0.336000 ms - abort 0.052000 ms - 0 spins - 8 / 16 PE neighbors  - partition window = , 1621 / 28900 active - aborting? 0 - last step? 0 - remote cache hits=43888 misses=3619 age misses=3571, feature cache hits=0 misses=0
PE 11 - timestep 8 - set 3 / 3200 - 2029.673000 ms
PE 11 - total 2029.643000 ms - metadata 53.086000 ms (49.226000 0.000000) - summary 3.953000 ms (1.608000 0.071000 2.274000 | 0.067000 0.044000 0.041000 2.118000) - edges 1972.178000 ms (1883.015000 83.357000) - neighbor updates 0.374000 ms - abort 0.052000 ms - 0 spins - 6 / 16 PE neighbors  - partition window = , 1585 / 28900 active - aborting? 0 - last step? 0 - remote cache hits=43492 misses=3525 age misses=3495, feature cache hits=0 misses=0
PE 12 - timestep 9 - set 0 / 3200 - 1305.767000 ms
PE 12 - total 1305.738000 ms - metadata 52.261000 ms (48.444000 0.000000) - summary 4.081000 ms (1.571000 0.069000 2.441000 | 0.066000 0.037000 0.045000 2.293000) - edges 1248.830000 ms (1166.405000 77.594000) - neighbor updates 0.512000 ms - abort 0.054000 ms - 0 spins - 4 / 16 PE neighbors  - partition window = , 1631 / 28900 active - aborting? 0 - last step? 0 - remote cache hits=48376 misses=3429 age misses=3418, feature cache hits=0 misses=0
PE 6 - timestep 10 - set 0 / 3200 - 1422.991000 ms
PE 6 - total 1422.956000 ms - metadata 54.881000 ms (51.168000 0.000000) - summary 3.990000 ms (1.901000 0.071000 2.018000 | 0.063000 0.039000 0.047000 1.867000) - edges 1363.678000 ms (1276.558000 80.546000) - neighbor updates 0.351000 ms - abort 0.056000 ms - 0 spins - 9 / 16 PE neighbors  - partition window = , 1620 / 28900 active - aborting? 0 - last step? 1 - remote cache hits=57083 misses=3608 age misses=3558, feature cache hits=0 misses=0
PE 13 - timestep 8 - set 0 / 3200 - 1594.153000 ms
PE 13 - total 1594.147000 ms - metadata 55.211000 ms (51.336000 0.000000) - summary 4.234000 ms (1.780000 0.068000 2.386000 | 0.066000 0.046000 0.041000 2.227000) - edges 1534.281000 ms (1447.586000 81.757000) - neighbor updates 0.370000 ms - abort 0.051000 ms - 0 spins - 4 / 16 PE neighbors  - partition window = , 1617 / 28900 active - aborting? 0 - last step? 0 - remote cache hits=43888 misses=3524 age misses=3490, feature cache hits=0 misses=0
PE 0 - timestep 10 - set 0 / 3200 - 1398.121000 ms
PE 0 - total 1398.098000 ms - metadata 54.047000 ms (50.323000 0.000000) - summary 4.254000 ms (1.906000 0.071000 2.277000 | 0.067000 0.046000 0.054000 2.107000) - edges 1339.352000 ms (1260.582000 74.179000) - neighbor updates 0.388000 ms - abort 0.057000 ms - 0 spins - 4 / 16 PE neighbors  - partition window = , 1619 / 28900 active - aborting? 0 - last step? 1 - remote cache hits=56236 misses=3409 age misses=3398, feature cache hits=0 misses=0
PE 10 - timestep 10 - set 0 / 3200 - 1362.115000 ms
PE 10 - total 1362.078000 ms - metadata 52.976000 ms (49.212000 0.000000) - summary 4.123000 ms (1.900000 0.076000 2.147000 | 0.069000 0.045000 0.048000 1.985000) - edges 1304.628000 ms (1217.333000 81.463000) - neighbor updates 0.300000 ms - abort 0.051000 ms - 0 spins - 7 / 16 PE neighbors  - partition window = , 1649 / 28900 active - aborting? 0 - last step? 1 - remote cache hits=56894 misses=3686 age misses=3597, feature cache hits=0 misses=0
PE 15 - timestep 9 - set 0 / 3200 - 1984.019000 ms
PE 15 - total 1983.993000 ms - metadata 54.397000 ms (50.406000 0.000000) - summary 4.500000 ms (1.920000 0.077000 2.503000 | 0.065000 0.050000 0.040000 2.345000) - edges 1924.577000 ms (1840.652000 78.993000) - neighbor updates 0.471000 ms - abort 0.048000 ms - 0 spins - 4 / 16 PE neighbors  - partition window = , 1610 / 28900 active - aborting? 0 - last step? 0 - remote cache hits=49682 misses=3437 age misses=3412, feature cache hits=0 misses=0
PE 3 - timestep 8 - set 0 / 3200 - 1573.256000 ms
PE 3 - total 1573.232000 ms - metadata 54.733000 ms (50.911000 0.000000) - summary 4.298000 ms (1.909000 0.071000 2.318000 | 0.061000 0.053000 0.045000 2.159000) - edges 1513.788000 ms (1427.465000 81.617000) - neighbor updates 0.357000 ms - abort 0.056000 ms - 0 spins - 4 / 16 PE neighbors  - partition window = , 1598 / 28900 active - aborting? 0 - last step? 0 - remote cache hits=43279 misses=3425 age misses=3414, feature cache hits=0 misses=0
PE 5 - timestep 9 - set 0 / 3200 - 1472.369000 ms
PE 5 - total 1472.316000 ms - metadata 53.874000 ms (50.065000 0.000000) - summary 3.859000 ms (1.646000 0.069000 2.144000 | 0.062000 0.044000 0.041000 1.996000) - edges 1414.089000 ms (1325.883000 81.908000) - neighbor updates 0.440000 ms - abort 0.054000 ms - 0 spins - 8 / 16 PE neighbors  - partition window = , 1627 / 28900 active - aborting? 0 - last step? 0 - remote cache hits=51169 misses=3668 age misses=3590, feature cache hits=0 misses=0
PE 7 - timestep 9 - set 0 / 3200 - 1444.659000 ms
PE 7 - total 1444.633000 ms - metadata 52.747000 ms (48.967000 0.000000) - summary 4.026000 ms (1.716000 0.068000 2.242000 | 0.060000 0.042000 0.039000 2.100000) - edges 1387.257000 ms (1300.500000 81.161000) - neighbor updates 0.547000 ms - abort 0.056000 ms - 0 spins - 6 / 16 PE neighbors  - partition window = , 1603 / 28900 active - aborting? 0 - last step? 0 - remote cache hits=50298 misses=3505 age misses=3461, feature cache hits=0 misses=0
PE 8 - timestep 9 - set 0 / 3200 - 1346.074000 ms
PE 8 - total 1346.044000 ms - metadata 58.504000 ms (54.612000 0.000000) - summary 4.565000 ms (2.109000 0.070000 2.386000 | 0.074000 0.047000 0.049000 2.213000) - edges 1282.535000 ms (1207.585000 70.356000) - neighbor updates 0.386000 ms - abort 0.054000 ms - 0 spins - 5 / 16 PE neighbors  - partition window = , 1623 / 28900 active - aborting? 0 - last step? 0 - remote cache hits=51959 misses=3509 age misses=3492, feature cache hits=0 misses=0
PE 4 - timestep 6 - set 0 / 3200 - 1998.011000 ms
PE 4 - total 1997.966000 ms - metadata 65.570000 ms (61.697000 0.000000) - summary 4.134000 ms (1.985000 0.053000 2.096000 | 0.067000 0.050000 0.045000 1.933000) - edges 1927.799000 ms (1841.829000 81.158000) - neighbor updates 0.413000 ms - abort 0.050000 ms - 0 spins - 5 / 16 PE neighbors  - partition window = , 1569 / 28900 active - aborting? 0 - last step? 0 - remote cache hits=33399 misses=3495 age misses=0, feature cache hits=0 misses=0
PE 14 - timestep 8 - set 0 / 3200 - 1416.450000 ms
PE 14 - total 1416.414000 ms - metadata 54.793000 ms (51.025000 0.000000) - summary 4.197000 ms (1.745000 0.068000 2.384000 | 0.062000 0.043000 0.049000 2.228000) - edges 1357.054000 ms (1275.758000 76.261000) - neighbor updates 0.317000 ms - abort 0.053000 ms - 0 spins - 6 / 16 PE neighbors  - partition window = , 1628 / 28900 active - aborting? 0 - last step? 0 - remote cache hits=43547 misses=3540 age misses=3486, feature cache hits=0 misses=0
PE 12 - timestep 10 - set 0 / 3200 - 1291.725000 ms
PE 12 - total 1291.694000 ms - metadata 50.601000 ms (46.942000 0.000000) - summary 4.342000 ms (1.758000 0.069000 2.515000 | 0.074000 0.047000 0.049000 2.344000) - edges 1236.377000 ms (1164.872000 67.355000) - neighbor updates 0.322000 ms - abort 0.052000 ms - 0 spins - 4 / 16 PE neighbors  - partition window = , 1640 / 28900 active - aborting? 0 - last step? 1 - remote cache hits=54839 misses=3430 age misses=3420, feature cache hits=0 misses=0
PE 2 - timestep 7 - set 0 / 3200 - 1884.967000 ms
PE 2 - total 1884.945000 ms - metadata 64.253000 ms (60.304000 0.000000) - summary 3.884000 ms (1.942000 0.054000 1.888000 | 0.073000 0.051000 0.052000 1.710000) - edges 1816.299000 ms (1664.999000 147.918000) - neighbor updates 0.441000 ms - abort 0.068000 ms - 0 spins - 6 / 16 PE neighbors  - partition window = , 1599 / 28900 active - aborting? 0 - last step? 0 - remote cache hits=37162 misses=3526 age misses=3310, feature cache hits=0 misses=0
PE 9 - timestep 9 - set 0 / 3200 - 1524.952000 ms
PE 9 - total 1524.915000 ms - metadata 52.959000 ms (49.175000 0.000000) - summary 3.802000 ms (1.695000 0.071000 2.036000 | 0.062000 0.049000 0.045000 1.879000) - edges 1467.745000 ms (1372.679000 88.494000) - neighbor updates 0.360000 ms - abort 0.049000 ms - 0 spins - 8 / 16 PE neighbors  - partition window = , 1635 / 28900 active - aborting? 0 - last step? 0 - remote cache hits=50668 misses=3640 age misses=3580, feature cache hits=0 misses=0
PE 11 - timestep 9 - set 3 / 3200 - 1489.990000 ms
PE 11 - total 1489.956000 ms - metadata 51.796000 ms (48.025000 0.000000) - summary 4.026000 ms (1.685000 0.072000 2.269000 | 0.060000 0.046000 0.040000 2.122000) - edges 1433.717000 ms (1343.500000 84.448000) - neighbor updates 0.365000 ms - abort 0.052000 ms - 0 spins - 6 / 16 PE neighbors  - partition window = , 1600 / 28900 active - aborting? 0 - last step? 0 - remote cache hits=50117 misses=3532 age misses=3495, feature cache hits=0 misses=0
PE 1 - timestep 8 - set 0 / 3200 - 2091.532000 ms
PE 1 - total 2091.498000 ms - metadata 54.036000 ms (50.064000 0.000000) - summary 4.088000 ms (1.906000 0.070000 2.112000 | 0.065000 0.051000 0.042000 1.951000) - edges 2032.986000 ms (1945.543000 81.847000) - neighbor updates 0.334000 ms - abort 0.054000 ms - 0 spins - 6 / 16 PE neighbors  - partition window = , 1610 / 28900 active - aborting? 0 - last step? 0 - remote cache hits=43923 misses=3530 age misses=3495, feature cache hits=0 misses=0
PE 3 - timestep 9 - set 0 / 3200 - 1485.156000 ms
PE 3 - total 1485.129000 ms - metadata 56.690000 ms (52.811000 0.000000) - summary 4.414000 ms (2.031000 0.071000 2.312000 | 0.065000 0.047000 0.045000 2.153000) - edges 1423.590000 ms (1336.098000 82.540000) - neighbor updates 0.376000 ms - abort 0.059000 ms - 0 spins - 4 / 16 PE neighbors  - partition window = , 1604 / 28900 active - aborting? 0 - last step? 0 - remote cache hits=49956 misses=3425 age misses=3416, feature cache hits=0 misses=0
PE 5 - timestep 10 - set 0 / 3200 - 1486.367000 ms
PE 5 - total 1486.338000 ms - metadata 55.344000 ms (51.537000 0.000000) - summary 3.985000 ms (1.753000 0.072000 2.160000 | 0.061000 0.044000 0.042000 2.011000) - edges 1426.614000 ms (1337.310000 82.929000) - neighbor updates 0.342000 ms - abort 0.053000 ms - 0 spins - 8 / 16 PE neighbors  - partition window = , 1635 / 28900 active - aborting? 0 - last step? 1 - remote cache hits=58047 misses=3671 age misses=3591, feature cache hits=0 misses=0
PE 8 - timestep 10 - set 0 / 3200 - 1211.709000 ms
PE 8 - total 1211.674000 ms - metadata 52.318000 ms (48.807000 0.000000) - summary 3.813000 ms (1.426000 0.067000 2.320000 | 0.066000 0.035000 0.046000 2.171000) - edges 1155.200000 ms (1092.649000 58.906000) - neighbor updates 0.295000 ms - abort 0.048000 ms - 0 spins - 5 / 16 PE neighbors  - partition window = , 1632 / 28900 active - aborting? 0 - last step? 1 - remote cache hits=58892 misses=3511 age misses=3494, feature cache hits=0 misses=0
PE 15 - timestep 10 - set 0 / 3200 - 1692.601000 ms
PE 15 - total 1692.570000 ms - metadata 55.172000 ms (51.230000 0.000000) - summary 4.690000 ms (2.084000 0.072000 2.534000 | 0.070000 0.050000 0.050000 2.361000) - edges 1632.301000 ms (1549.538000 77.980000) - neighbor updates 0.361000 ms - abort 0.046000 ms - 0 spins - 4 / 16 PE neighbors  - partition window = , 1616 / 28900 active - aborting? 0 - last step? 1 - remote cache hits=56299 misses=3438 age misses=3412, feature cache hits=0 misses=0
PE 13 - timestep 9 - set 0 / 3200 - 2169.631000 ms
PE 13 - total 2169.558000 ms - metadata 54.586000 ms (50.780000 0.000000) - summary 4.210000 ms (1.774000 0.070000 2.366000 | 0.066000 0.045000 0.045000 2.207000) - edges 2110.352000 ms (2025.385000 80.012000) - neighbor updates 0.362000 ms - abort 0.048000 ms - 0 spins - 4 / 16 PE neighbors  - partition window = , 1627 / 28900 active - aborting? 0 - last step? 0 - remote cache hits=50693 misses=3525 age misses=3493, feature cache hits=0 misses=0
PE 14 - timestep 9 - set 0 / 3200 - 1208.888000 ms
PE 14 - total 1208.847000 ms - metadata 49.697000 ms (46.219000 0.000000) - summary 3.859000 ms (1.474000 0.066000 2.319000 | 0.060000 0.032000 0.046000 2.177000) - edges 1154.956000 ms (1092.950000 58.162000) - neighbor updates 0.287000 ms - abort 0.048000 ms - 0 spins - 6 / 16 PE neighbors  - partition window = , 1641 / 28900 active - aborting? 0 - last step? 0 - remote cache hits=50289 misses=3540 age misses=3492, feature cache hits=0 misses=0
PE 7 - timestep 10 - set 0 / 3200 - 1421.710000 ms
PE 7 - total 1421.672000 ms - metadata 52.542000 ms (48.806000 0.000000) - summary 3.885000 ms (1.564000 0.070000 2.251000 | 0.058000 0.042000 0.042000 2.106000) - edges 1364.894000 ms (1278.068000 81.304000) - neighbor updates 0.301000 ms - abort 0.050000 ms - 0 spins - 6 / 16 PE neighbors  - partition window = , 1616 / 28900 active - aborting? 0 - last step? 1 - remote cache hits=56976 misses=3506 age misses=3463, feature cache hits=0 misses=0
PE 4 - timestep 7 - set 0 / 3200 - 1505.059000 ms
PE 4 - total 1505.030000 ms - metadata 60.944000 ms (57.182000 0.000000) - summary 4.038000 ms (1.784000 0.065000 2.189000 | 0.075000 0.054000 0.044000 2.015000) - edges 1439.631000 ms (1310.319000 126.573000) - neighbor updates 0.368000 ms - abort 0.049000 ms - 0 spins - 5 / 16 PE neighbors  - partition window = , 1576 / 28900 active - aborting? 0 - last step? 0 - remote cache hits=36870 misses=3501 age misses=3200, feature cache hits=0 misses=0
PE 2 - timestep 8 - set 0 / 3200 - 1492.406000 ms
PE 2 - total 1492.358000 ms - metadata 59.832000 ms (56.074000 0.000000) - summary 3.603000 ms (1.657000 0.058000 1.888000 | 0.070000 0.052000 0.042000 1.722000) - edges 1428.516000 ms (1352.105000 72.466000) - neighbor updates 0.357000 ms - abort 0.050000 ms - 0 spins - 6 / 16 PE neighbors  - partition window = , 1609 / 28900 active - aborting? 0 - last step? 0 - remote cache hits=43693 misses=3530 age misses=3487, feature cache hits=0 misses=0
PE 9 - timestep 10 - set 0 / 3200 - 1418.863000 ms
PE 9 - total 1418.831000 ms - metadata 52.978000 ms (49.265000 0.000000) - summary 3.827000 ms (1.725000 0.071000 2.031000 | 0.058000 0.043000 0.041000 1.887000) - edges 1361.667000 ms (1275.613000 80.016000) - neighbor updates 0.311000 ms - abort 0.048000 ms - 0 spins - 8 / 16 PE neighbors  - partition window = , 1639 / 28900 active - aborting? 0 - last step? 1 - remote cache hits=57493 misses=3646 age misses=3580, feature cache hits=0 misses=0
PE 11 - timestep 10 - set 3 / 3200 - 1366.894000 ms
PE 11 - total 1366.859000 ms - metadata 51.454000 ms (47.756000 0.000000) - summary 3.917000 ms (1.576000 0.075000 2.266000 | 0.065000 0.044000 0.040000 2.114000) - edges 1311.138000 ms (1229.997000 75.891000) - neighbor updates 0.301000 ms - abort 0.049000 ms - 0 spins - 6 / 16 PE neighbors  - partition window = , 1613 / 28900 active - aborting? 0 - last step? 1 - remote cache hits=56742 misses=3532 age misses=3500, feature cache hits=0 misses=0
PE 1 - timestep 9 - set 0 / 3200 - 1471.446000 ms
PE 1 - total 1471.409000 ms - metadata 53.931000 ms (49.966000 0.000000) - summary 4.096000 ms (1.934000 0.067000 2.095000 | 0.061000 0.044000 0.044000 1.945000) - edges 1413.039000 ms (1339.745000 68.498000) - neighbor updates 0.294000 ms - abort 0.049000 ms - 0 spins - 6 / 16 PE neighbors  - partition window = , 1624 / 28900 active - aborting? 0 - last step? 0 - remote cache hits=50677 misses=3533 age misses=3497, feature cache hits=0 misses=0
PE 3 - timestep 10 - set 0 / 3200 - 1221.395000 ms
PE 3 - total 1221.351000 ms - metadata 53.414000 ms (49.710000 0.000000) - summary 3.894000 ms (1.577000 0.069000 2.248000 | 0.056000 0.039000 0.039000 2.110000) - edges 1163.702000 ms (1103.122000 57.323000) - neighbor updates 0.292000 ms - abort 0.049000 ms - 0 spins - 4 / 16 PE neighbors  - partition window = , 1614 / 28900 active - aborting? 0 - last step? 1 - remote cache hits=56656 misses=3425 age misses=3416, feature cache hits=0 misses=0
PE 13 - timestep 10 - set 0 / 3200 - 1213.479000 ms
PE 13 - total 1213.463000 ms - metadata 50.801000 ms (47.222000 0.000000) - summary 4.020000 ms (1.609000 0.067000 2.344000 | 0.062000 0.040000 0.039000 2.201000) - edges 1158.310000 ms (1098.585000 56.544000) - neighbor updates 0.286000 ms - abort 0.046000 ms - 0 spins - 4 / 16 PE neighbors  - partition window = , 1634 / 28900 active - aborting? 0 - last step? 1 - remote cache hits=57478 misses=3530 age misses=3493, feature cache hits=0 misses=0
PE 14 - timestep 10 - set 0 / 3200 - 1203.441000 ms
PE 14 - total 1203.416000 ms - metadata 46.558000 ms (43.275000 0.000000) - summary 3.794000 ms (1.397000 0.072000 2.325000 | 0.066000 0.035000 0.048000 2.175000) - edges 1152.733000 ms (1091.730000 57.350000) - neighbor updates 0.282000 ms - abort 0.049000 ms - 0 spins - 6 / 16 PE neighbors  - partition window = , 1653 / 28900 active - aborting? 0 - last step? 1 - remote cache hits=57009 misses=3550 age misses=3513, feature cache hits=0 misses=0
PE 4 - timestep 8 - set 0 / 3200 - 1454.658000 ms
PE 4 - total 1454.631000 ms - metadata 57.644000 ms (54.028000 0.000000) - summary 3.837000 ms (1.608000 0.058000 2.171000 | 0.069000 0.051000 0.045000 2.005000) - edges 1392.741000 ms (1322.821000 66.743000) - neighbor updates 0.360000 ms - abort 0.049000 ms - 0 spins - 5 / 16 PE neighbors  - partition window = , 1588 / 28900 active - aborting? 0 - last step? 0 - remote cache hits=43209 misses=3505 age misses=3458, feature cache hits=0 misses=0
PE 1 - timestep 10 - set 0 / 3200 - 1194.169000 ms
PE 1 - total 1194.132000 ms - metadata 46.758000 ms (43.390000 0.000000) - summary 3.473000 ms (1.382000 0.068000 2.023000 | 0.058000 0.036000 0.039000 1.888000) - edges 1143.577000 ms (1086.136000 53.932000) - neighbor updates 0.278000 ms - abort 0.046000 ms - 0 spins - 6 / 16 PE neighbors  - partition window = , 1635 / 28900 active - aborting? 0 - last step? 1 - remote cache hits=57415 misses=3533 age misses=3502, feature cache hits=0 misses=0
PE 2 - timestep 9 - set 0 / 3200 - 1464.690000 ms
PE 2 - total 1464.663000 ms - metadata 58.490000 ms (54.728000 0.000000) - summary 3.600000 ms (1.637000 0.060000 1.903000 | 0.070000 0.049000 0.044000 1.738000) - edges 1402.163000 ms (1336.552000 62.063000) - neighbor updates 0.361000 ms - abort 0.049000 ms - 0 spins - 6 / 16 PE neighbors  - partition window = , 1618 / 28900 active - aborting? 0 - last step? 0 - remote cache hits=50414 misses=3537 age misses=3499, feature cache hits=0 misses=0
PE 4 - timestep 9 - set 0 / 3200 - 1454.987000 ms
PE 4 - total 1454.959000 ms - metadata 55.853000 ms (52.174000 0.000000) - summary 3.856000 ms (1.588000 0.083000 2.185000 | 0.071000 0.050000 0.043000 2.020000) - edges 1394.845000 ms (1317.434000 73.992000) - neighbor updates 0.358000 ms - abort 0.047000 ms - 0 spins - 5 / 16 PE neighbors  - partition window = , 1600 / 28900 active - aborting? 0 - last step? 0 - remote cache hits=49824 misses=3505 age misses=3464, feature cache hits=0 misses=0
PE 2 - timestep 10 - set 0 / 3200 - 1471.397000 ms
PE 2 - total 1471.371000 ms - metadata 57.096000 ms (53.523000 0.000000) - summary 3.542000 ms (1.580000 0.060000 1.902000 | 0.066000 0.051000 0.048000 1.733000) - edges 1410.330000 ms (1331.739000 74.926000) - neighbor updates 0.354000 ms - abort 0.049000 ms - 0 spins - 6 / 16 PE neighbors  - partition window = , 1623 / 28900 active - aborting? 0 - last step? 1 - remote cache hits=57148 misses=3538 age misses=3499, feature cache hits=0 misses=0
PE 4 - timestep 10 - set 0 / 3200 - 1202.091000 ms
PE 4 - total 1202.062000 ms - metadata 55.391000 ms (51.805000 0.000000) - summary 3.773000 ms (1.549000 0.059000 2.165000 | 0.067000 0.051000 0.042000 2.004000) - edges 1142.579000 ms (1083.124000 56.311000) - neighbor updates 0.274000 ms - abort 0.045000 ms - 0 spins - 5 / 16 PE neighbors  - partition window = , 1610 / 28900 active - aborting? 0 - last step? 1 - remote cache hits=56432 misses=3505 age misses=3466, feature cache hits=0 misses=0
16 PEs, 10 timesteps, total CPU time = 268547.111000 ms, max elapsed = 20804.361000 ms, ~3200 actors per PE



Listing core files
total 304
-rw------- 1 sm108 sm108 626688 Jan 29 09:56 core.a.out.26754
drwx------ 3 root  root      60 Nov  5 17:11 systemd-private-c5a9bddca048449481fa36a735e37c91-ntpd.service-Tjfu5V
Copying out old core files
srun: error: r01n01: task 0: Exited with exit code 1
cp: cannot open ‘/var/tmp/core.a.out.26754’ for reading: Permission denied
